2023-11-17 09:52:51.202  INFO 11444 --- [main] c.r.SpringBootRestApiStarterApplication  : Starting SpringBootRestApiStarterApplication using Java 17.0.8 on KS20L483 with PID 11444 (C:\Users\kumaran\Documents\Training\Final Project\TechFam-Rest-API-Server\target\classes started by kumaran in C:\Users\kumaran\Documents\Training\Final Project\TechFam-Rest-API-Server)
2023-11-17 09:52:51.213  INFO 11444 --- [main] c.r.SpringBootRestApiStarterApplication  : No active profile set, falling back to 1 default profile: "default"
2023-11-17 09:52:52.492  INFO 11444 --- [main] .s.d.r.c.RepositoryConfigurationDelegate : Bootstrapping Spring Data JPA repositories in DEFAULT mode.
2023-11-17 09:52:52.605  INFO 11444 --- [main] .s.d.r.c.RepositoryConfigurationDelegate : Finished Spring Data repository scanning in 98 ms. Found 7 JPA repository interfaces.
2023-11-17 09:52:53.561  INFO 11444 --- [main] o.s.b.w.embedded.tomcat.TomcatWebServer  : Tomcat initialized with port(s): 8080 (http)
2023-11-17 09:52:53.574  INFO 11444 --- [main] o.apache.catalina.core.StandardService   : Starting service [Tomcat]
2023-11-17 09:52:53.574  INFO 11444 --- [main] org.apache.catalina.core.StandardEngine  : Starting Servlet engine: [Apache Tomcat/9.0.82]
2023-11-17 09:52:54.982  INFO 11444 --- [main] o.a.c.c.C.[Tomcat].[localhost].[/]       : Initializing Spring embedded WebApplicationContext
2023-11-17 09:52:54.983  INFO 11444 --- [main] w.s.c.ServletWebServerApplicationContext : Root WebApplicationContext: initialization completed in 3687 ms
2023-11-17 09:52:55.216  INFO 11444 --- [main] o.hibernate.jpa.internal.util.LogHelper  : HHH000204: Processing PersistenceUnitInfo [name: default]
2023-11-17 09:52:55.283  INFO 11444 --- [main] org.hibernate.Version                    : HHH000412: Hibernate ORM core version 5.6.15.Final
2023-11-17 09:52:55.566  INFO 11444 --- [main] o.hibernate.annotations.common.Version   : HCANN000001: Hibernate Commons Annotations {5.1.2.Final}
2023-11-17 09:52:55.687  INFO 11444 --- [main] com.zaxxer.hikari.HikariDataSource       : HikariPool-1 - Starting...
2023-11-17 09:52:55.695  WARN 11444 --- [main] com.zaxxer.hikari.util.DriverDataSource  : Registered driver with driverClassName=com.mysql.jdbc.Driver was not found, trying direct instantiation.
2023-11-17 09:52:55.923  INFO 11444 --- [main] com.zaxxer.hikari.HikariDataSource       : HikariPool-1 - Start completed.
2023-11-17 09:52:55.944  INFO 11444 --- [main] org.hibernate.dialect.Dialect            : HHH000400: Using dialect: org.hibernate.dialect.MySQL8Dialect
2023-11-17 09:52:56.965  INFO 11444 --- [main] o.h.e.t.j.p.i.JtaPlatformInitiator       : HHH000490: Using JtaPlatform implementation: [org.hibernate.engine.transaction.jta.platform.internal.NoJtaPlatform]
2023-11-17 09:52:56.979  INFO 11444 --- [main] j.LocalContainerEntityManagerFactoryBean : Initialized JPA EntityManagerFactory for persistence unit 'default'
2023-11-17 09:52:57.017  WARN 11444 --- [main] JpaBaseConfiguration$JpaWebConfiguration : spring.jpa.open-in-view is enabled by default. Therefore, database queries may be performed during view rendering. Explicitly configure spring.jpa.open-in-view to disable this warning
2023-11-17 09:52:58.481 TRACE 11444 --- [main] eGlobalAuthenticationAutowiredConfigurer : Eagerly initializing {securityConfig=com.restapi.config.SecurityConfig$$EnhancerBySpringCGLIB$$e28824b1@201b52f7}
2023-11-17 09:52:58.612 DEBUG 11444 --- [main] edFilterInvocationSecurityMetadataSource : Adding web access control expression [permitAll] for Ant [pattern='/h2-console/**']
2023-11-17 09:52:58.640 DEBUG 11444 --- [main] edFilterInvocationSecurityMetadataSource : Adding web access control expression [permitAll] for Ant [pattern='/api/auth/**']
2023-11-17 09:52:58.641 DEBUG 11444 --- [main] edFilterInvocationSecurityMetadataSource : Adding web access control expression [permitAll] for Ant [pattern='/swagger-ui/**']
2023-11-17 09:52:58.641 DEBUG 11444 --- [main] edFilterInvocationSecurityMetadataSource : Adding web access control expression [authenticated] for any request
2023-11-17 09:52:58.647 TRACE 11444 --- [main] o.s.s.w.a.i.FilterSecurityInterceptor    : Validated configuration attributes
2023-11-17 09:52:58.649 TRACE 11444 --- [main] o.s.s.w.a.i.FilterSecurityInterceptor    : Validated configuration attributes
2023-11-17 09:52:58.653  INFO 11444 --- [main] o.s.s.web.DefaultSecurityFilterChain     : Will secure any request with [org.springframework.security.web.session.DisableEncodeUrlFilter@6700374f, org.springframework.security.web.context.request.async.WebAsyncManagerIntegrationFilter@63024843, org.springframework.security.web.context.SecurityContextPersistenceFilter@58c93be3, org.springframework.security.web.header.HeaderWriterFilter@26fc464f, org.springframework.security.web.authentication.logout.LogoutFilter@53630682, org.springframework.security.web.authentication.www.BasicAuthenticationFilter@71eead09, org.springframework.security.web.savedrequest.RequestCacheAwareFilter@6e669b5c, org.springframework.security.web.servletapi.SecurityContextHolderAwareRequestFilter@3db3668, org.springframework.security.web.authentication.AnonymousAuthenticationFilter@53ce27fa, org.springframework.security.web.session.SessionManagementFilter@2fb555e8, org.springframework.security.web.access.ExceptionTranslationFilter@4a985388, org.springframework.security.web.access.intercept.FilterSecurityInterceptor@3941bdd7]
2023-11-17 09:52:59.037  INFO 11444 --- [main] o.s.b.w.embedded.tomcat.TomcatWebServer  : Tomcat started on port(s): 8080 (http) with context path ''
2023-11-17 09:52:59.546  INFO 11444 --- [main] c.r.SpringBootRestApiStarterApplication  : Started SpringBootRestApiStarterApplication in 8.973 seconds (JVM running for 11.295)
2023-11-17 10:10:15.785  INFO 11444 --- [SpringApplicationShutdownHook] j.LocalContainerEntityManagerFactoryBean : Closing JPA EntityManagerFactory for persistence unit 'default'
2023-11-17 10:10:15.785  INFO 11444 --- [SpringApplicationShutdownHook] com.zaxxer.hikari.HikariDataSource       : HikariPool-1 - Shutdown initiated...
2023-11-17 10:10:15.798  INFO 11444 --- [SpringApplicationShutdownHook] com.zaxxer.hikari.HikariDataSource       : HikariPool-1 - Shutdown completed.
